<?xml version="1.0" encoding="UTF-8"?>
<!-- Generated by org.testng.reporters.JUnitXMLReporter -->
<testsuite ignored="0" hostname="LAPTOP-HUA8CH3G" failures="0" tests="3" name="Default test" time="18.236" errors="0" timestamp="2021-02-20T11:55:23 IST">
  <testcase classname="com.amazon.qa.testcases.SearchPageTest" name="isDisplaySearchPage" time="1.303"/>
  <testcase classname="com.amazon.qa.testcases.SearchPageTest" name="searchForProduct" time="2.397"/>
  <testcase classname="com.amazon.qa.testcases.SearchPageTest" name="ClickOnSelectedProduct" time="4.236"/>
</testsuite> <!-- Default test -->
