<?xml version="1.0" encoding="UTF-8"?>
<!-- Generated by org.testng.reporters.JUnitXMLReporter -->
<testsuite ignored="0" hostname="LAPTOP-HUA8CH3G" failures="0" tests="9" name="Test" time="73.741" errors="0" timestamp="2021-02-21T20:16:56 IST">
  <testcase classname="com.amazon.qa.testcases.SignInPageTest" name="isDisplaySearchPage" time="1.167"/>
  <testcase classname="com.amazon.qa.testcases.SignInPageTest" name="searchForProduct" time="5.816"/>
  <testcase classname="com.amazon.qa.testcases.SignInPageTest" name="ClickOnSelectedProduct" time="12.106"/>
  <testcase classname="com.amazon.qa.testcases.SignInPageTest" name="validateAddtoCartPage" time="0.021"/>
  <testcase classname="com.amazon.qa.testcases.SignInPageTest" name="clickOnAddToCartBtn" time="0.18"/>
  <testcase classname="com.amazon.qa.testcases.SignInPageTest" name="ClickOnCartButton" time="3.299"/>
  <testcase classname="com.amazon.qa.testcases.SignInPageTest" name="validateProceedToBuyPage" time="5.017"/>
  <testcase classname="com.amazon.qa.testcases.SignInPageTest" name="clickOnProceedToByButton" time="3.253"/>
  <testcase classname="com.amazon.qa.testcases.SignInPageTest" name="validateSignInPage" time="0.012"/>
</testsuite> <!-- Test -->
