<?xml version="1.0" encoding="UTF-8"?>
<testng-results ignored="0" total="9" passed="9" failed="0" skipped="0">
  <reporter-output>
  </reporter-output>
  <suite started-at="2021-02-21T20:15:42 IST" name="Suite" finished-at="2021-02-21T20:16:56 IST" duration-ms="73741">
    <groups>
    </groups>
    <test started-at="2021-02-21T20:15:42 IST" name="Test" finished-at="2021-02-21T20:16:56 IST" duration-ms="73741">
      <class name="com.amazon.qa.testcases.SignInPageTest">
        <test-method is-config="true" signature="setUp()[pri:0, instance:com.amazon.qa.testcases.SignInPageTest@27ff5d15]" started-at="2021-02-21T20:15:42 IST" name="setUp" finished-at="2021-02-21T20:16:24 IST" duration-ms="42087" status="PASS">
          <reporter-output>
          </reporter-output>
        </test-method> <!-- setUp -->
        <test-method signature="isDisplaySearchPage()[pri:1, instance:com.amazon.qa.testcases.SignInPageTest@27ff5d15]" started-at="2021-02-21T20:16:24 IST" name="isDisplaySearchPage" description="TC001" finished-at="2021-02-21T20:16:25 IST" duration-ms="1167" status="PASS">
          <reporter-output>
          </reporter-output>
        </test-method> <!-- isDisplaySearchPage -->
        <test-method signature="searchForProduct()[pri:2, instance:com.amazon.qa.testcases.SignInPageTest@27ff5d15]" started-at="2021-02-21T20:16:25 IST" name="searchForProduct" description="TC002" finished-at="2021-02-21T20:16:31 IST" duration-ms="5816" status="PASS">
          <reporter-output>
          </reporter-output>
        </test-method> <!-- searchForProduct -->
        <test-method signature="ClickOnSelectedProduct()[pri:3, instance:com.amazon.qa.testcases.SignInPageTest@27ff5d15]" started-at="2021-02-21T20:16:31 IST" name="ClickOnSelectedProduct" description="TC003" finished-at="2021-02-21T20:16:43 IST" duration-ms="12106" status="PASS">
          <reporter-output>
          </reporter-output>
        </test-method> <!-- ClickOnSelectedProduct -->
        <test-method signature="validateAddtoCartPage()[pri:4, instance:com.amazon.qa.testcases.SignInPageTest@27ff5d15]" started-at="2021-02-21T20:16:43 IST" name="validateAddtoCartPage" description="TC004" finished-at="2021-02-21T20:16:43 IST" duration-ms="21" status="PASS">
          <reporter-output>
          </reporter-output>
        </test-method> <!-- validateAddtoCartPage -->
        <test-method signature="clickOnAddToCartBtn()[pri:5, instance:com.amazon.qa.testcases.SignInPageTest@27ff5d15]" started-at="2021-02-21T20:16:43 IST" name="clickOnAddToCartBtn" description="TC005" finished-at="2021-02-21T20:16:43 IST" duration-ms="180" status="PASS">
          <reporter-output>
          </reporter-output>
        </test-method> <!-- clickOnAddToCartBtn -->
        <test-method signature="ClickOnCartButton()[pri:6, instance:com.amazon.qa.testcases.SignInPageTest@27ff5d15]" started-at="2021-02-21T20:16:43 IST" name="ClickOnCartButton" description="TC006" finished-at="2021-02-21T20:16:47 IST" duration-ms="3299" status="PASS">
          <reporter-output>
          </reporter-output>
        </test-method> <!-- ClickOnCartButton -->
        <test-method signature="validateProceedToBuyPage()[pri:7, instance:com.amazon.qa.testcases.SignInPageTest@27ff5d15]" started-at="2021-02-21T20:16:47 IST" name="validateProceedToBuyPage" description="TC007" finished-at="2021-02-21T20:16:52 IST" duration-ms="5017" status="PASS">
          <reporter-output>
          </reporter-output>
        </test-method> <!-- validateProceedToBuyPage -->
        <test-method signature="clickOnProceedToByButton()[pri:8, instance:com.amazon.qa.testcases.SignInPageTest@27ff5d15]" started-at="2021-02-21T20:16:52 IST" name="clickOnProceedToByButton" description="TC008" finished-at="2021-02-21T20:16:55 IST" duration-ms="3253" status="PASS">
          <reporter-output>
          </reporter-output>
        </test-method> <!-- clickOnProceedToByButton -->
        <test-method signature="validateSignInPage()[pri:9, instance:com.amazon.qa.testcases.SignInPageTest@27ff5d15]" started-at="2021-02-21T20:16:55 IST" name="validateSignInPage" description="TC009" finished-at="2021-02-21T20:16:55 IST" duration-ms="12" status="PASS">
          <reporter-output>
          </reporter-output>
        </test-method> <!-- validateSignInPage -->
        <test-method is-config="true" signature="tearDown()[pri:0, instance:com.amazon.qa.testcases.SignInPageTest@27ff5d15]" started-at="2021-02-21T20:16:55 IST" name="tearDown" finished-at="2021-02-21T20:16:56 IST" duration-ms="705" status="PASS">
          <reporter-output>
          </reporter-output>
        </test-method> <!-- tearDown -->
      </class> <!-- com.amazon.qa.testcases.SignInPageTest -->
    </test> <!-- Test -->
  </suite> <!-- Suite -->
</testng-results>
